<?xml version="1.0" encoding="UTF-8"?>
<!-- Generated by org.testng.reporters.JUnitXMLReporter -->
<testsuite hostname="WKMIN0907952" ignored="0" name="Parallel_Execution_chrome" tests="1" failures="1" timestamp="20 Feb 2019 20:10:19 GMT" time="25.727" errors="0">
  <testcase name="feature" time="23.847" classname="runner.TestRunner2">
    <failure type="cucumber.runtime.CucumberException" message="java.lang.AssertionError: expected [DSign in] but found [Sign in]">
      <![CDATA[cucumber.runtime.CucumberException: java.lang.AssertionError: expected [DSign in] but found [Sign in]
at cucumber.api.testng.TestNGCucumberRunner.runCucumber(TestNGCucumberRunner.java:69)
at runner.TestRunner2.feature(TestRunner2.java:184)
at java.util.concurrent.FutureTask.run(FutureTask.java:266)
at java.util.concurrent.ThreadPoolExecutor.runWorker(ThreadPoolExecutor.java:1149)
at java.util.concurrent.ThreadPoolExecutor$Worker.run(ThreadPoolExecutor.java:624)
at java.lang.Thread.run(Thread.java:748)
Caused by: java.lang.AssertionError: expected [DSign in] but found [Sign in]
at stepdef.CommonStep.testContent(CommonStep.java:54)
at âœ½.Then I check content on page "home"(src/test/resources/features/Content/Content.feature:10)
... Removed 22 stack frames]]>
    </failure>
  </testcase> <!-- feature -->
</testsuite> <!-- Parallel_Execution_chrome -->
